app/build/outputs/logs/manifest-merger-debug-report.txt
-- Merging decision tree log ---
manifest
ADDED from src\main\AndroidManifest.xml:2:1-129:12
	package
		ADDED from src\main\AndroidManifest.xml:4:5-41
		INJECTED from src\main\AndroidManifest.xml
		INJECTED from src\main\AndroidManifest.xml
	android:versionName
		INJECTED from src\main\AndroidManifest.xml
		INJECTED from src\main\AndroidManifest.xml
	xmlns:tools
		ADDED from src\main\AndroidManifest.xml:3:5-51
	xmlns:android
		ADDED from src\main\AndroidManifest.xml:2:11-69
	android:versionCode
		INJECTED from src\main\AndroidManifest.xml
		INJECTED from src\main\AndroidManifest.xml
supports-screens
ADDED from src\main\AndroidManifest.xml:7:5-13:40
	android:largeScreens
		ADDED from src\main\AndroidManifest.xml:9:9-36
	android:smallScreens
		ADDED from src\main\AndroidManifest.xml:12:9-36
	android:normalScreens
		ADDED from src\main\AndroidManifest.xml:10:9-37
	android:xlargeScreens
		ADDED from src\main\AndroidManifest.xml:13:9-37
	android:resizeable
		ADDED from src\main\AndroidManifest.xml:11:9-34
	android:anyDensity
		ADDED from src\main\AndroidManifest.xml:8:9-34
uses-permission#android.permission.CALL_PHONE
ADDED from src\main\AndroidManifest.xml:17:5-69
	android:name
		ADDED from src\main\AndroidManifest.xml:17:22-66
uses-permission#android.permission.SEND_SMS
ADDED from src\main\AndroidManifest.xml:19:5-67
	android:name
		ADDED from src\main\AndroidManifest.xml:19:22-64
uses-permission#android.permission.SYSTEM_ALERT_WINDOW
ADDED from src\main\AndroidManifest.xml:21:5-78
	android:name
		ADDED from src\main\AndroidManifest.xml:21:22-75
uses-permission#android.permission.SYSTEM_OVERLAY_WINDOW
ADDED from src\main\AndroidManifest.xml:22:5-80
	android:name
		ADDED from src\main\AndroidManifest.xml:22:22-77
uses-permission#android.permission.CHANGE_CONFIGURATION
ADDED from src\main\AndroidManifest.xml:24:5-79
	android:name
		ADDED from src\main\AndroidManifest.xml:24:22-76
uses-permission#android.permission.READ_LOGS
ADDED from src\main\AndroidManifest.xml:25:5-68
	android:name
		ADDED from src\main\AndroidManifest.xml:25:22-65
uses-permission#android.permission.VIBRATE
ADDED from src\main\AndroidManifest.xml:26:5-66
	android:name
		ADDED from src\main\AndroidManifest.xml:26:22-63
uses-permission#android.permission.DISABLE_KEYGUARD
ADDED from src\main\AndroidManifest.xml:28:5-75
	android:name
		ADDED from src\main\AndroidManifest.xml:28:22-72
uses-permission#android.permission.RECEIVE_BOOT_COMPLETED
ADDED from src\main\AndroidManifest.xml:30:5-81
	android:name
		ADDED from src\main\AndroidManifest.xml:30:22-78
uses-permission#android.permission.INTERNET
ADDED from src\main\AndroidManifest.xml:32:5-67
	android:name
		ADDED from src\main\AndroidManifest.xml:32:22-64
uses-permission#android.permission.ACCESS_WIFI_STATE
ADDED from src\main\AndroidManifest.xml:34:5-76
	android:name
		ADDED from src\main\AndroidManifest.xml:34:22-73
uses-permission#android.permission.CHANGE_WIFI_STATE
ADDED from src\main\AndroidManifest.xml:35:5-76
	android:name
		ADDED from src\main\AndroidManifest.xml:35:22-73
uses-permission#android.permission.ACCESS_COARSE_LOCATION
ADDED from src\main\AndroidManifest.xml:37:5-81
	android:name
		ADDED from src\main\AndroidManifest.xml:37:22-78
uses-permission#android.permission.ACCESS_FINE_LOCATION
ADDED from src\main\AndroidManifest.xml:39:5-79
	android:name
		ADDED from src\main\AndroidManifest.xml:39:22-76
uses-permission#android.permission.ACCESS_MOCK_LOCATION
ADDED from src\main\AndroidManifest.xml:40:5-42:39
	tools:ignore
		ADDED from src\main\AndroidManifest.xml:42:9-36
	android:name
		ADDED from src\main\AndroidManifest.xml:41:9-63
uses-permission#android.permission.ACCESS_GPS
ADDED from src\main\AndroidManifest.xml:43:5-69
	android:name
		ADDED from src\main\AndroidManifest.xml:43:22-66
uses-permission#android.permission.ACCESS_NETWORK_STATE
ADDED from src\main\AndroidManifest.xml:45:5-79
	android:name
		ADDED from src\main\AndroidManifest.xml:45:22-76
uses-permission#android.permission.CAMERA
ADDED from src\main\AndroidManifest.xml:47:5-65
	android:name
		ADDED from src\main\AndroidManifest.xml:47:22-62
uses-permission#android.permission.WAKE_LOCK
ADDED from src\main\AndroidManifest.xml:49:5-68
	android:name
		ADDED from src\main\AndroidManifest.xml:49:22-65
uses-feature#android.hardware.camera
ADDED from src\main\AndroidManifest.xml:51:5-60
	android:name
		ADDED from src\main\AndroidManifest.xml:51:19-57
uses-feature#android.hardware.camera.autofocus
ADDED from src\main\AndroidManifest.xml:52:5-70
	android:name
		ADDED from src\main\AndroidManifest.xml:52:19-67
uses-permission#android.permission.RAISED_THREAD_PRIORITY
ADDED from src\main\AndroidManifest.xml:54:5-81
	android:name
		ADDED from src\main\AndroidManifest.xml:54:22-78
uses-permission#android.permission.RESTART_PACKAGES
ADDED from src\main\AndroidManifest.xml:56:5-75
	android:name
		ADDED from src\main\AndroidManifest.xml:56:22-72
uses-permission#android.permission.GET_TASKS
ADDED from src\main\AndroidManifest.xml:58:5-68
	android:name
		ADDED from src\main\AndroidManifest.xml:58:22-65
uses-permission#android.permission.MOUNT_UNMOUNT_FILESYSTEMS
ADDED from src\main\AndroidManifest.xml:60:5-84
	android:name
		ADDED from src\main\AndroidManifest.xml:60:22-81
uses-permission#android.permission.WRITE_EXTERNAL_STORAGE
ADDED from src\main\AndroidManifest.xml:62:5-81
	android:name
		ADDED from src\main\AndroidManifest.xml:62:22-78
uses-permission#android.permission.CLEAR_APP_CACHE
ADDED from src\main\AndroidManifest.xml:63:5-74
	android:name
		ADDED from src\main\AndroidManifest.xml:63:22-71
uses-permission#android.permission.READ_PHONE_STATE
ADDED from src\main\AndroidManifest.xml:64:5-75
	android:name
		ADDED from src\main\AndroidManifest.xml:64:22-72
application
ADDED from src\main\AndroidManifest.xml:66:5-127:19
MERGED from [com.github.ShogoMizumoto:ZDepthShadowLayout:1.0.4] AndroidManifest.xml:11:5-20
MERGED from [com.android.support:support-v4:23.1.0] AndroidManifest.xml:22:5-20
MERGED from [com.android.support:appcompat-v7:23.1.0] AndroidManifest.xml:22:5-20
MERGED from [com.android.support:support-v4:23.1.0] AndroidManifest.xml:22:5-20
MERGED from [com.android.support:design:23.1.0] AndroidManifest.xml:22:5-20
MERGED from [com.android.support:appcompat-v7:23.1.0] AndroidManifest.xml:22:5-20
MERGED from [com.android.support:support-v4:23.1.0] AndroidManifest.xml:22:5-20
MERGED from [com.android.support:support-v4:23.1.0] AndroidManifest.xml:22:5-20
MERGED from [com.android.support:support-v4:23.1.0] AndroidManifest.xml:22:5-20
MERGED from [com.android.support:cardview-v7:23.1.0] AndroidManifest.xml:22:5-20
MERGED from [com.android.support:support-v4:23.1.0] AndroidManifest.xml:22:5-20
	android:label
		ADDED from src\main\AndroidManifest.xml:70:9-41
	android:allowBackup
		ADDED from src\main\AndroidManifest.xml:68:9-35
	android:icon
		ADDED from src\main\AndroidManifest.xml:69:9-45
	android:theme
		ADDED from src\main\AndroidManifest.xml:71:9-40
	android:name
		ADDED from src\main\AndroidManifest.xml:67:9-66
service#com.sintn.hera.mobile.cash.ApplictionErrorService
ADDED from src\main\AndroidManifest.xml:72:9-75:46
	android:enabled
		ADDED from src\main\AndroidManifest.xml:74:13-35
	tools:ignore
		ADDED from src\main\AndroidManifest.xml:75:13-43
	android:name
		ADDED from src\main\AndroidManifest.xml:73:13-77
activity#com.sintn.hera.mobile.cash.activity.login.StartActivity
ADDED from src\main\AndroidManifest.xml:77:9-85:20
	android:theme
		ADDED from src\main\AndroidManifest.xml:79:13-56
	android:name
		ADDED from src\main\AndroidManifest.xml:78:13-83
intent-filter#android.intent.action.MAIN+android.intent.category.LAUNCHER
ADDED from src\main\AndroidManifest.xml:80:13-84:29
action#android.intent.action.MAIN
ADDED from src\main\AndroidManifest.xml:81:17-69
	android:name
		ADDED from src\main\AndroidManifest.xml:81:25-66
category#android.intent.category.LAUNCHER
ADDED from src\main\AndroidManifest.xml:83:17-77
	android:name
		ADDED from src\main\AndroidManifest.xml:83:27-74
activity#com.sintn.hera.mobile.cash.activity.login.LoginActivity
ADDED from src\main\AndroidManifest.xml:88:9-90:59
	android:theme
		ADDED from src\main\AndroidManifest.xml:90:13-56
	android:name
		ADDED from src\main\AndroidManifest.xml:89:13-83
activity#com.sintn.hera.mobile.cash.activity.login.RegisterActivity
ADDED from src\main\AndroidManifest.xml:92:9-94:59
	android:theme
		ADDED from src\main\AndroidManifest.xml:94:13-56
	android:name
		ADDED from src\main\AndroidManifest.xml:93:13-86
activity#com.sintn.hera.mobile.cash.activity.main.SoftWareUpdateActivity
ADDED from src\main\AndroidManifest.xml:96:9-98:59
	android:theme
		ADDED from src\main\AndroidManifest.xml:98:13-56
	android:name
		ADDED from src\main\AndroidManifest.xml:97:13-91
activity#com.sintn.hera.mobile.cash.activity.main.MainActivity
ADDED from src\main\AndroidManifest.xml:100:9-102:59
	android:theme
		ADDED from src\main\AndroidManifest.xml:102:13-56
	android:name
		ADDED from src\main\AndroidManifest.xml:101:13-81
activity#com.sintn.hera.mobile.cash.activity.main.ChoiceServerActivity
ADDED from src\main\AndroidManifest.xml:104:9-106:59
	android:theme
		ADDED from src\main\AndroidManifest.xml:106:13-56
	android:name
		ADDED from src\main\AndroidManifest.xml:105:13-89
activity#com.sintn.hera.mobile.cash.activity.login.FirstCategoryActivity
ADDED from src\main\AndroidManifest.xml:108:9-110:59
	android:theme
		ADDED from src\main\AndroidManifest.xml:110:13-56
	android:name
		ADDED from src\main\AndroidManifest.xml:109:13-91
activity#com.sintn.hera.mobile.cash.activity.login.SecondCategoryActivity
ADDED from src\main\AndroidManifest.xml:112:9-114:59
	android:theme
		ADDED from src\main\AndroidManifest.xml:114:13-56
	android:name
		ADDED from src\main\AndroidManifest.xml:113:13-92
activity#com.sintn.hera.mobile.cash.activity.enterprisemanager.EnterpriseManagerActivity
ADDED from src\main\AndroidManifest.xml:116:9-118:59
	android:theme
		ADDED from src\main\AndroidManifest.xml:118:13-56
	android:name
		ADDED from src\main\AndroidManifest.xml:117:13-107
activity#com.sintn.hera.mobile.cash.activity.enterprisemanager.ShopManagerActivity
ADDED from src\main\AndroidManifest.xml:120:9-122:59
	android:theme
		ADDED from src\main\AndroidManifest.xml:122:13-56
	android:name
		ADDED from src\main\AndroidManifest.xml:121:13-101
activity#com.sintn.hera.mobile.cash.activity.enterprisemanager.CashierInfoActivity
ADDED from src\main\AndroidManifest.xml:124:9-126:59
	android:theme
		ADDED from src\main\AndroidManifest.xml:126:13-56
	android:name
		ADDED from src\main\AndroidManifest.xml:125:13-101
uses-sdk
INJECTED from src\main\AndroidManifest.xml reason: use-sdk injection requested
MERGED from [com.github.ShogoMizumoto:ZDepthShadowLayout:1.0.4] AndroidManifest.xml:7:5-9:41
MERGED from [com.diogobernardino:williamchart:2.1] AndroidManifest.xml:6:5-8:41
MERGED from [com.android.support:support-v4:23.1.0] AndroidManifest.xml:20:5-43
MERGED from [com.android.support:appcompat-v7:23.1.0] AndroidManifest.xml:20:5-43
MERGED from [com.android.support:support-v4:23.1.0] AndroidManifest.xml:20:5-43
MERGED from [com.android.support:design:23.1.0] AndroidManifest.xml:20:5-43
MERGED from [com.android.support:appcompat-v7:23.1.0] AndroidManifest.xml:20:5-43
MERGED from [com.android.support:support-v4:23.1.0] AndroidManifest.xml:20:5-43
MERGED from [com.android.support:recyclerview-v7:23.1.0] AndroidManifest.xml:20:5-43
MERGED from [com.android.support:support-v4:23.1.0] AndroidManifest.xml:20:5-43
MERGED from [com.android.support:support-v4:23.1.0] AndroidManifest.xml:20:5-43
MERGED from [com.android.support:cardview-v7:23.1.0] AndroidManifest.xml:20:5-43
MERGED from [com.android.support:recyclerview-v7:23.1.0] AndroidManifest.xml:20:5-43
MERGED from [com.android.support:support-v4:23.1.0] AndroidManifest.xml:20:5-43
	android:targetSdkVersion
		INJECTED from src\main\AndroidManifest.xml
		INJECTED from src\main\AndroidManifest.xml
	android:minSdkVersion
		INJECTED from src\main\AndroidManifest.xml
		INJECTED from src\main\AndroidManifest.xml